2025-12-09T14:17:48.242+01:00  INFO 9536 --- [CQRSWrite] [main] o.e.cqrswrite.CqrsWriteApplication       : Starting CqrsWriteApplication using Java 21.0.8 with PID 9536 (C:\Users\radenko.setka\IdeaProjects\CQRS\CQRSWrite\target\classes started by radenko.setka in C:\Users\radenko.setka\IdeaProjects\CQRS)
2025-12-09T14:17:48.248+01:00 DEBUG 9536 --- [CQRSWrite] [main] o.e.cqrswrite.CqrsWriteApplication       : Running with Spring Boot v4.0.0, Spring v7.0.1
2025-12-09T14:17:48.249+01:00  INFO 9536 --- [CQRSWrite] [main] o.e.cqrswrite.CqrsWriteApplication       : No active profile set, falling back to 1 default profile: "default"
2025-12-09T14:17:49.234+01:00  INFO 9536 --- [CQRSWrite] [main] .s.d.r.c.RepositoryConfigurationDelegate : Bootstrapping Spring Data JPA repositories in DEFAULT mode.
2025-12-09T14:17:49.306+01:00  INFO 9536 --- [CQRSWrite] [main] .s.d.r.c.RepositoryConfigurationDelegate : Finished Spring Data repository scanning in 63 ms. Found 1 JPA repository interface.
2025-12-09T14:17:49.589+01:00  INFO 9536 --- [CQRSWrite] [main] ptablePropertiesBeanFactoryPostProcessor : Post-processing PropertySource instances
2025-12-09T14:17:49.590+01:00  INFO 9536 --- [CQRSWrite] [main] c.u.j.EncryptablePropertySourceConverter : Skipping PropertySource configurationProperties [class org.springframework.boot.context.properties.source.ConfigurationPropertySourcesPropertySource
2025-12-09T14:17:49.590+01:00  INFO 9536 --- [CQRSWrite] [main] c.u.j.EncryptablePropertySourceConverter : Skipping PropertySource servletConfigInitParams [class org.springframework.core.env.PropertySource$StubPropertySource
2025-12-09T14:17:49.591+01:00  INFO 9536 --- [CQRSWrite] [main] c.u.j.EncryptablePropertySourceConverter : Skipping PropertySource servletContextInitParams [class org.springframework.core.env.PropertySource$StubPropertySource
2025-12-09T14:17:49.593+01:00  INFO 9536 --- [CQRSWrite] [main] c.u.j.EncryptablePropertySourceConverter : Converting PropertySource systemProperties [org.springframework.core.env.PropertiesPropertySource] to EncryptableMapPropertySourceWrapper
2025-12-09T14:17:49.593+01:00  INFO 9536 --- [CQRSWrite] [main] c.u.j.EncryptablePropertySourceConverter : Converting PropertySource systemEnvironment [org.springframework.boot.support.SystemEnvironmentPropertySourceEnvironmentPostProcessor$OriginAwareSystemEnvironmentPropertySource] to EncryptableSystemEnvironmentPropertySourceWrapper
2025-12-09T14:17:49.593+01:00  INFO 9536 --- [CQRSWrite] [main] c.u.j.EncryptablePropertySourceConverter : Converting PropertySource random [org.springframework.boot.env.RandomValuePropertySource] to EncryptablePropertySourceWrapper
2025-12-09T14:17:49.594+01:00  INFO 9536 --- [CQRSWrite] [main] c.u.j.EncryptablePropertySourceConverter : Converting PropertySource Config resource 'class path resource [application.properties]' via location 'optional:classpath:/' [org.springframework.boot.env.OriginTrackedMapPropertySource] to EncryptableMapPropertySourceWrapper
2025-12-09T14:17:49.594+01:00  INFO 9536 --- [CQRSWrite] [main] c.u.j.EncryptablePropertySourceConverter : Converting PropertySource applicationInfo [org.springframework.boot.ApplicationInfoPropertySource] to EncryptableMapPropertySourceWrapper
2025-12-09T14:17:49.762+01:00  INFO 9536 --- [CQRSWrite] [main] c.u.j.filter.DefaultLazyPropertyFilter   : Property Filter custom Bean not found with name 'encryptablePropertyFilter'. Initializing Default Property Filter
2025-12-09T14:17:49.773+01:00  INFO 9536 --- [CQRSWrite] [main] c.u.j.r.DefaultLazyPropertyResolver      : Property Resolver custom Bean not found with name 'encryptablePropertyResolver'. Initializing Default Property Resolver
2025-12-09T14:17:49.776+01:00  INFO 9536 --- [CQRSWrite] [main] c.u.j.d.DefaultLazyPropertyDetector      : Property Detector custom Bean not found with name 'encryptablePropertyDetector'. Initializing Default Property Detector
2025-12-09T14:17:50.040+01:00  INFO 9536 --- [CQRSWrite] [main] o.s.boot.tomcat.TomcatWebServer          : Tomcat initialized with port 9002 (http)
2025-12-09T14:17:50.058+01:00  INFO 9536 --- [CQRSWrite] [main] o.apache.catalina.core.StandardService   : Starting service [Tomcat]
2025-12-09T14:17:50.058+01:00  INFO 9536 --- [CQRSWrite] [main] o.apache.catalina.core.StandardEngine    : Starting Servlet engine: [Apache Tomcat/11.0.14]
2025-12-09T14:17:50.143+01:00  INFO 9536 --- [CQRSWrite] [main] b.w.c.s.WebApplicationContextInitializer : Root WebApplicationContext: initialization completed in 1819 ms
2025-12-09T14:17:50.232+01:00  INFO 9536 --- [CQRSWrite] [main] c.u.j.encryptor.DefaultLazyEncryptor     : String Encryptor custom Bean not found with name 'jasyptStringEncryptor'. Initializing Default String Encryptor
2025-12-09T14:17:50.248+01:00  INFO 9536 --- [CQRSWrite] [main] c.u.j.c.StringEncryptorBuilder           : Encryptor config not found for property jasypt.encryptor.algorithm, using default value: PBEWITHHMACSHA512ANDAES_256
2025-12-09T14:17:50.248+01:00  INFO 9536 --- [CQRSWrite] [main] c.u.j.c.StringEncryptorBuilder           : Encryptor config not found for property jasypt.encryptor.key-obtention-iterations, using default value: 1000
2025-12-09T14:17:50.249+01:00  INFO 9536 --- [CQRSWrite] [main] c.u.j.c.StringEncryptorBuilder           : Encryptor config not found for property jasypt.encryptor.pool-size, using default value: 1
2025-12-09T14:17:50.250+01:00  INFO 9536 --- [CQRSWrite] [main] c.u.j.c.StringEncryptorBuilder           : Encryptor config not found for property jasypt.encryptor.provider-name, using default value: null
2025-12-09T14:17:50.250+01:00  INFO 9536 --- [CQRSWrite] [main] c.u.j.c.StringEncryptorBuilder           : Encryptor config not found for property jasypt.encryptor.provider-class-name, using default value: null
2025-12-09T14:17:50.251+01:00  INFO 9536 --- [CQRSWrite] [main] c.u.j.c.StringEncryptorBuilder           : Encryptor config not found for property jasypt.encryptor.salt-generator-classname, using default value: org.jasypt.salt.RandomSaltGenerator
2025-12-09T14:17:50.252+01:00  INFO 9536 --- [CQRSWrite] [main] c.u.j.c.StringEncryptorBuilder           : Encryptor config not found for property jasypt.encryptor.iv-generator-classname, using default value: org.jasypt.iv.RandomIvGenerator
2025-12-09T14:17:50.254+01:00  INFO 9536 --- [CQRSWrite] [main] c.u.j.c.StringEncryptorBuilder           : Encryptor config not found for property jasypt.encryptor.string-output-type, using default value: base64
2025-12-09T14:17:50.494+01:00  INFO 9536 --- [CQRSWrite] [main] com.zaxxer.hikari.HikariDataSource       : HikariPool-1 - Starting...
2025-12-09T14:17:50.989+01:00  INFO 9536 --- [CQRSWrite] [main] com.zaxxer.hikari.pool.HikariPool        : HikariPool-1 - Added connection ConnectionID:1 ClientConnectionId: f7197f71-e554-4ed1-97ec-98d6bb7202f1
2025-12-09T14:17:50.991+01:00  INFO 9536 --- [CQRSWrite] [main] com.zaxxer.hikari.HikariDataSource       : HikariPool-1 - Start completed.
2025-12-09T14:17:51.031+01:00  INFO 9536 --- [CQRSWrite] [main] o.hibernate.jpa.internal.util.LogHelper  : HHH000204: Processing PersistenceUnitInfo [name: default]
2025-12-09T14:17:51.105+01:00  INFO 9536 --- [CQRSWrite] [main] org.hibernate.Version                    : HHH000412: Hibernate ORM core version 7.1.8.Final
2025-12-09T14:17:51.771+01:00  INFO 9536 --- [CQRSWrite] [main] o.s.o.j.p.SpringPersistenceUnitInfo      : No LoadTimeWeaver setup: ignoring JPA class transformer
2025-12-09T14:17:51.997+01:00  INFO 9536 --- [CQRSWrite] [main] org.hibernate.orm.connections.pooling    : HHH10001005: Database info:
	Database JDBC URL [jdbc:sqlserver://localhost:1433;concatNullYieldsNull=ON;quotedIdentifier=ON;connectRetryInterval=10;connectRetryCount=1;maxResultBuffer=-1;sendTemporalDataTypesAsStringForBulkCopy=true;delayLoadingLobs=true;useFmtOnly=false;vectorTypeSupport=v1;cacheBulkCopyMetadata=false;bulkCopyForBatchInsertAllowEncryptedValueModifications=false;bulkCopyForBatchInsertTableLock=false;bulkCopyForBatchInsertKeepNulls=false;bulkCopyForBatchInsertKeepIdentity=false;bulkCopyForBatchInsertFireTriggers=false;bulkCopyForBatchInsertCheckConstraints=false;bulkCopyForBatchInsertBatchSize=0;useBulkCopyForBatchInsert=false;cancelQueryTimeout=-1;sslProtocol=TLS;calcBigDecimalPrecision=false;useDefaultJaasConfig=false;jaasConfigurationName=SQLJDBCDriver;statementPoolingCacheSize=0;serverPreparedStatementDiscardThreshold=10;enablePrepareOnFirstPreparedStatementCall=false;fips=false;socketTimeout=0;authentication=NotSpecified;authenticationScheme=nativeAuthentication;xopenStates=false;datetimeParameterType=datetime2;sendTimeAsDatetime=true;replication=false;trustStoreType=JKS;trustServerCertificate=true;TransparentNetworkIPResolution=true;iPAddressPreference=IPv4First;serverNameAsACE=false;sendStringParametersAsUnicode=true;selectMethod=direct;responseBuffering=adaptive;queryTimeout=-1;packetSize=8000;multiSubnetFailover=false;loginTimeout=30;lockTimeout=-1;lastUpdateCount=true;useDefaultGSSCredential=false;prepareMethod=prepexec;encrypt=true;disableStatementPooling=true;databaseName=cqrs_write;columnEncryptionSetting=Disabled;applicationName=Microsoft JDBC Driver for SQL Server;applicationIntent=readwrite;]
	Database driver: Microsoft JDBC Driver 13.2 for SQL Server
	Database dialect: SQLServerDialect
	Database version: 16.0
	Default catalog/schema: cqrs_write/dbo
	Autocommit mode: undefined/unknown
	Isolation level: READ_COMMITTED [default READ_COMMITTED]
	JDBC fetch size: 128
	Pool: DatasourceConnectionProviderImpl
	Minimum pool size: undefined/unknown
	Maximum pool size: undefined/unknown
2025-12-09T14:17:53.065+01:00  INFO 9536 --- [CQRSWrite] [main] o.h.e.t.j.p.i.JtaPlatformInitiator       : HHH000489: No JTA platform available (set 'hibernate.transaction.jta.platform' to enable JTA platform integration)
2025-12-09T14:17:53.078+01:00  INFO 9536 --- [CQRSWrite] [main] j.LocalContainerEntityManagerFactoryBean : Initialized JPA EntityManagerFactory for persistence unit 'default'
2025-12-09T14:17:53.191+01:00  INFO 9536 --- [CQRSWrite] [main] o.s.d.j.r.query.QueryEnhancerFactories   : Hibernate is in classpath; If applicable, HQL parser will be used.
2025-12-09T14:17:53.496+01:00  WARN 9536 --- [CQRSWrite] [main] JpaBaseConfiguration$JpaWebConfiguration : spring.jpa.open-in-view is enabled by default. Therefore, database queries may be performed during view rendering. Explicitly configure spring.jpa.open-in-view to disable this warning
2025-12-09T14:17:54.018+01:00  INFO 9536 --- [CQRSWrite] [main] o.s.boot.tomcat.TomcatWebServer          : Tomcat started on port 9002 (http) with context path '/'
2025-12-09T14:17:54.026+01:00  INFO 9536 --- [CQRSWrite] [main] o.e.cqrswrite.CqrsWriteApplication       : Started CqrsWriteApplication in 6.564 seconds (process running for 8.189)
2025-12-09T14:18:14.924+01:00  INFO 9536 --- [CQRSWrite] [SpringApplicationShutdownHook] o.s.boot.tomcat.GracefulShutdown         : Commencing graceful shutdown. Waiting for active requests to complete
2025-12-09T14:18:14.941+01:00  INFO 9536 --- [CQRSWrite] [tomcat-shutdown] o.s.boot.tomcat.GracefulShutdown         : Graceful shutdown complete
2025-12-09T14:18:14.952+01:00  INFO 9536 --- [CQRSWrite] [SpringApplicationShutdownHook] j.LocalContainerEntityManagerFactoryBean : Closing JPA EntityManagerFactory for persistence unit 'default'
2025-12-09T14:18:14.955+01:00  INFO 9536 --- [CQRSWrite] [SpringApplicationShutdownHook] com.zaxxer.hikari.HikariDataSource       : HikariPool-1 - Shutdown initiated...
2025-12-09T14:18:14.961+01:00  INFO 9536 --- [CQRSWrite] [SpringApplicationShutdownHook] com.zaxxer.hikari.HikariDataSource       : HikariPool-1 - Shutdown completed.
