2025-12-09T13:36:51.182+01:00  INFO 8580 --- [CQRSRead] [main] o.e.cqrsread.CqrsReadApplicationTests    : Starting CqrsReadApplicationTests using Java 21.0.8 with PID 8580 (started by radenko.setka in C:\Users\radenko.setka\IdeaProjects\CQRS\CQRSRead)
2025-12-09T13:36:51.186+01:00  INFO 8580 --- [CQRSRead] [main] o.e.cqrsread.CqrsReadApplicationTests    : No active profile set, falling back to 1 default profile: "default"
2025-12-09T13:36:52.848+01:00  INFO 8580 --- [CQRSRead] [main] .s.d.r.c.RepositoryConfigurationDelegate : Bootstrapping Spring Data JPA repositories in DEFAULT mode.
2025-12-09T13:36:52.945+01:00  INFO 8580 --- [CQRSRead] [main] .s.d.r.c.RepositoryConfigurationDelegate : Finished Spring Data repository scanning in 82 ms. Found 1 JPA repository interface.
2025-12-09T13:36:53.571+01:00  INFO 8580 --- [CQRSRead] [main] ptablePropertiesBeanFactoryPostProcessor : Post-processing PropertySource instances
2025-12-09T13:36:53.574+01:00  INFO 8580 --- [CQRSRead] [main] c.u.j.EncryptablePropertySourceConverter : Skipping PropertySource configurationProperties [class org.springframework.boot.context.properties.source.ConfigurationPropertySourcesPropertySource
2025-12-09T13:36:53.577+01:00  INFO 8580 --- [CQRSRead] [main] c.u.j.EncryptablePropertySourceConverter : Converting PropertySource Inlined Test Properties [org.springframework.core.env.MapPropertySource] to EncryptableMapPropertySourceWrapper
2025-12-09T13:36:53.577+01:00  INFO 8580 --- [CQRSRead] [main] c.u.j.EncryptablePropertySourceConverter : Skipping PropertySource servletConfigInitParams [class org.springframework.core.env.PropertySource$StubPropertySource
2025-12-09T13:36:53.578+01:00  INFO 8580 --- [CQRSRead] [main] c.u.j.EncryptablePropertySourceConverter : Converting PropertySource servletContextInitParams [org.springframework.web.context.support.ServletContextPropertySource] to EncryptableEnumerablePropertySourceWrapper
2025-12-09T13:36:53.579+01:00  INFO 8580 --- [CQRSRead] [main] c.u.j.EncryptablePropertySourceConverter : Converting PropertySource systemProperties [org.springframework.core.env.PropertiesPropertySource] to EncryptableMapPropertySourceWrapper
2025-12-09T13:36:53.580+01:00  INFO 8580 --- [CQRSRead] [main] c.u.j.EncryptablePropertySourceConverter : Converting PropertySource systemEnvironment [org.springframework.boot.support.SystemEnvironmentPropertySourceEnvironmentPostProcessor$OriginAwareSystemEnvironmentPropertySource] to EncryptableSystemEnvironmentPropertySourceWrapper
2025-12-09T13:36:53.581+01:00  INFO 8580 --- [CQRSRead] [main] c.u.j.EncryptablePropertySourceConverter : Converting PropertySource random [org.springframework.boot.env.RandomValuePropertySource] to EncryptablePropertySourceWrapper
2025-12-09T13:36:53.582+01:00  INFO 8580 --- [CQRSRead] [main] c.u.j.EncryptablePropertySourceConverter : Converting PropertySource Config resource 'class path resource [application.properties]' via location 'optional:classpath:/' [org.springframework.boot.env.OriginTrackedMapPropertySource] to EncryptableMapPropertySourceWrapper
2025-12-09T13:36:53.583+01:00  INFO 8580 --- [CQRSRead] [main] c.u.j.EncryptablePropertySourceConverter : Converting PropertySource applicationInfo [org.springframework.boot.ApplicationInfoPropertySource] to EncryptableMapPropertySourceWrapper
2025-12-09T13:36:53.909+01:00  INFO 8580 --- [CQRSRead] [main] c.u.j.filter.DefaultLazyPropertyFilter   : Property Filter custom Bean not found with name 'encryptablePropertyFilter'. Initializing Default Property Filter
2025-12-09T13:36:53.941+01:00  INFO 8580 --- [CQRSRead] [main] c.u.j.r.DefaultLazyPropertyResolver      : Property Resolver custom Bean not found with name 'encryptablePropertyResolver'. Initializing Default Property Resolver
2025-12-09T13:36:53.950+01:00  INFO 8580 --- [CQRSRead] [main] c.u.j.d.DefaultLazyPropertyDetector      : Property Detector custom Bean not found with name 'encryptablePropertyDetector'. Initializing Default Property Detector
2025-12-09T13:36:54.375+01:00  INFO 8580 --- [CQRSRead] [main] o.hibernate.jpa.internal.util.LogHelper  : HHH000204: Processing PersistenceUnitInfo [name: default]
2025-12-09T13:36:54.519+01:00  INFO 8580 --- [CQRSRead] [main] org.hibernate.Version                    : HHH000412: Hibernate ORM core version 7.1.8.Final
2025-12-09T13:36:55.776+01:00  INFO 8580 --- [CQRSRead] [main] o.s.o.j.p.SpringPersistenceUnitInfo      : No LoadTimeWeaver setup: ignoring JPA class transformer
2025-12-09T13:36:55.854+01:00  INFO 8580 --- [CQRSRead] [main] com.zaxxer.hikari.HikariDataSource       : HikariPool-1 - Starting...
2025-12-09T13:36:56.868+01:00  INFO 8580 --- [CQRSRead] [main] com.zaxxer.hikari.pool.HikariPool        : HikariPool-1 - Added connection com.mysql.cj.jdbc.ConnectionImpl@574f9e36
2025-12-09T13:36:56.872+01:00  INFO 8580 --- [CQRSRead] [main] com.zaxxer.hikari.HikariDataSource       : HikariPool-1 - Start completed.
2025-12-09T13:36:57.068+01:00  WARN 8580 --- [CQRSRead] [main] org.hibernate.orm.deprecation            : HHH90000025: MySQLDialect does not need to be specified explicitly using 'hibernate.dialect' (remove the property setting and it will be selected by default)
2025-12-09T13:36:57.160+01:00  INFO 8580 --- [CQRSRead] [main] org.hibernate.orm.connections.pooling    : HHH10001005: Database info:
	Database JDBC URL [jdbc:mysql://localhost:3306/cqrs_read]
	Database driver: MySQL Connector/J
	Database dialect: MySQLDialect
	Database version: 9.4
	Default catalog/schema: cqrs_read/undefined
	Autocommit mode: undefined/unknown
	Isolation level: REPEATABLE_READ [default REPEATABLE_READ]
	JDBC fetch size: none
	Pool: DatasourceConnectionProviderImpl
	Minimum pool size: undefined/unknown
	Maximum pool size: undefined/unknown
2025-12-09T13:36:59.089+01:00  INFO 8580 --- [CQRSRead] [main] o.h.e.t.j.p.i.JtaPlatformInitiator       : HHH000489: No JTA platform available (set 'hibernate.transaction.jta.platform' to enable JTA platform integration)
2025-12-09T13:36:59.235+01:00  INFO 8580 --- [CQRSRead] [main] j.LocalContainerEntityManagerFactoryBean : Initialized JPA EntityManagerFactory for persistence unit 'default'
2025-12-09T13:36:59.479+01:00  INFO 8580 --- [CQRSRead] [main] o.s.d.j.r.query.QueryEnhancerFactories   : Hibernate is in classpath; If applicable, HQL parser will be used.
2025-12-09T13:36:59.954+01:00  WARN 8580 --- [CQRSRead] [main] JpaBaseConfiguration$JpaWebConfiguration : spring.jpa.open-in-view is enabled by default. Therefore, database queries may be performed during view rendering. Explicitly configure spring.jpa.open-in-view to disable this warning
2025-12-09T13:37:01.747+01:00  INFO 8580 --- [CQRSRead] [main] o.s.a.r.c.CachingConnectionFactory       : Attempting to connect to: [localhost:5672]
2025-12-09T13:37:01.909+01:00  INFO 8580 --- [CQRSRead] [main] o.s.a.r.c.CachingConnectionFactory       : Created new connection: rabbitConnectionFactory#54464330:0/SimpleConnection@6aa152b7 [delegate=amqp://guest@127.0.0.1:5672/, localPort=56004]
2025-12-09T13:37:02.041+01:00  INFO 8580 --- [CQRSRead] [main] o.e.cqrsread.CqrsReadApplicationTests    : Started CqrsReadApplicationTests in 11.436 seconds (process running for 13.927)
2025-12-09T13:37:03.116+01:00  INFO 8580 --- [CQRSRead] [org.springframework.amqp.rabbit.RabbitListenerEndpointContainer#0-2] o.s.a.r.l.SimpleMessageListenerContainer : Waiting for workers to finish.
2025-12-09T13:37:04.057+01:00  INFO 8580 --- [CQRSRead] [org.springframework.amqp.rabbit.RabbitListenerEndpointContainer#0-2] o.s.a.r.l.SimpleMessageListenerContainer : Successfully waited for workers to finish.
2025-12-09T13:37:04.195+01:00  INFO 8580 --- [CQRSRead] [SpringApplicationShutdownHook] j.LocalContainerEntityManagerFactoryBean : Closing JPA EntityManagerFactory for persistence unit 'default'
2025-12-09T13:37:04.203+01:00  INFO 8580 --- [CQRSRead] [SpringApplicationShutdownHook] com.zaxxer.hikari.HikariDataSource       : HikariPool-1 - Shutdown initiated...
2025-12-09T13:37:04.231+01:00  INFO 8580 --- [CQRSRead] [SpringApplicationShutdownHook] com.zaxxer.hikari.HikariDataSource       : HikariPool-1 - Shutdown completed.
2025-12-09T14:08:44.741+01:00  INFO 23892 --- [CQRSRead] [main] o.e.cqrsread.CqrsReadApplicationTests    : Starting CqrsReadApplicationTests using Java 21.0.8 with PID 23892 (started by radenko.setka in C:\Users\radenko.setka\IdeaProjects\CQRS\CQRSRead)
2025-12-09T14:08:44.753+01:00  INFO 23892 --- [CQRSRead] [main] o.e.cqrsread.CqrsReadApplicationTests    : No active profile set, falling back to 1 default profile: "default"
2025-12-09T14:08:51.809+01:00  INFO 23892 --- [CQRSRead] [main] .s.d.r.c.RepositoryConfigurationDelegate : Bootstrapping Spring Data JPA repositories in DEFAULT mode.
2025-12-09T14:08:52.535+01:00  INFO 23892 --- [CQRSRead] [main] .s.d.r.c.RepositoryConfigurationDelegate : Finished Spring Data repository scanning in 642 ms. Found 1 JPA repository interface.
2025-12-09T14:08:54.684+01:00  INFO 23892 --- [CQRSRead] [main] ptablePropertiesBeanFactoryPostProcessor : Post-processing PropertySource instances
2025-12-09T14:08:54.694+01:00  INFO 23892 --- [CQRSRead] [main] c.u.j.EncryptablePropertySourceConverter : Skipping PropertySource configurationProperties [class org.springframework.boot.context.properties.source.ConfigurationPropertySourcesPropertySource
2025-12-09T14:08:54.708+01:00  INFO 23892 --- [CQRSRead] [main] c.u.j.EncryptablePropertySourceConverter : Converting PropertySource Inlined Test Properties [org.springframework.core.env.MapPropertySource] to EncryptableMapPropertySourceWrapper
2025-12-09T14:08:54.713+01:00  INFO 23892 --- [CQRSRead] [main] c.u.j.EncryptablePropertySourceConverter : Skipping PropertySource servletConfigInitParams [class org.springframework.core.env.PropertySource$StubPropertySource
2025-12-09T14:08:54.716+01:00  INFO 23892 --- [CQRSRead] [main] c.u.j.EncryptablePropertySourceConverter : Converting PropertySource servletContextInitParams [org.springframework.web.context.support.ServletContextPropertySource] to EncryptableEnumerablePropertySourceWrapper
2025-12-09T14:08:54.722+01:00  INFO 23892 --- [CQRSRead] [main] c.u.j.EncryptablePropertySourceConverter : Converting PropertySource systemProperties [org.springframework.core.env.PropertiesPropertySource] to EncryptableMapPropertySourceWrapper
2025-12-09T14:08:54.726+01:00  INFO 23892 --- [CQRSRead] [main] c.u.j.EncryptablePropertySourceConverter : Converting PropertySource systemEnvironment [org.springframework.boot.support.SystemEnvironmentPropertySourceEnvironmentPostProcessor$OriginAwareSystemEnvironmentPropertySource] to EncryptableSystemEnvironmentPropertySourceWrapper
2025-12-09T14:08:54.729+01:00  INFO 23892 --- [CQRSRead] [main] c.u.j.EncryptablePropertySourceConverter : Converting PropertySource random [org.springframework.boot.env.RandomValuePropertySource] to EncryptablePropertySourceWrapper
2025-12-09T14:08:54.733+01:00  INFO 23892 --- [CQRSRead] [main] c.u.j.EncryptablePropertySourceConverter : Converting PropertySource Config resource 'class path resource [application.properties]' via location 'optional:classpath:/' [org.springframework.boot.env.OriginTrackedMapPropertySource] to EncryptableMapPropertySourceWrapper
2025-12-09T14:08:54.735+01:00  INFO 23892 --- [CQRSRead] [main] c.u.j.EncryptablePropertySourceConverter : Converting PropertySource applicationInfo [org.springframework.boot.ApplicationInfoPropertySource] to EncryptableMapPropertySourceWrapper
2025-12-09T14:08:56.006+01:00  INFO 23892 --- [CQRSRead] [main] c.u.j.filter.DefaultLazyPropertyFilter   : Property Filter custom Bean not found with name 'encryptablePropertyFilter'. Initializing Default Property Filter
2025-12-09T14:08:56.071+01:00  INFO 23892 --- [CQRSRead] [main] c.u.j.r.DefaultLazyPropertyResolver      : Property Resolver custom Bean not found with name 'encryptablePropertyResolver'. Initializing Default Property Resolver
2025-12-09T14:08:56.086+01:00  INFO 23892 --- [CQRSRead] [main] c.u.j.d.DefaultLazyPropertyDetector      : Property Detector custom Bean not found with name 'encryptablePropertyDetector'. Initializing Default Property Detector
2025-12-09T14:08:56.862+01:00  INFO 23892 --- [CQRSRead] [main] o.hibernate.jpa.internal.util.LogHelper  : HHH000204: Processing PersistenceUnitInfo [name: default]
2025-12-09T14:08:57.254+01:00  INFO 23892 --- [CQRSRead] [main] org.hibernate.Version                    : HHH000412: Hibernate ORM core version 7.1.8.Final
2025-12-09T14:09:00.622+01:00  INFO 23892 --- [CQRSRead] [main] o.s.o.j.p.SpringPersistenceUnitInfo      : No LoadTimeWeaver setup: ignoring JPA class transformer
2025-12-09T14:09:00.871+01:00  INFO 23892 --- [CQRSRead] [main] com.zaxxer.hikari.HikariDataSource       : HikariPool-1 - Starting...
2025-12-09T14:09:02.659+01:00  INFO 23892 --- [CQRSRead] [main] com.zaxxer.hikari.pool.HikariPool        : HikariPool-1 - Added connection com.mysql.cj.jdbc.ConnectionImpl@60b4d934
2025-12-09T14:09:02.667+01:00  INFO 23892 --- [CQRSRead] [main] com.zaxxer.hikari.HikariDataSource       : HikariPool-1 - Start completed.
2025-12-09T14:09:03.047+01:00  WARN 23892 --- [CQRSRead] [main] org.hibernate.orm.deprecation            : HHH90000025: MySQLDialect does not need to be specified explicitly using 'hibernate.dialect' (remove the property setting and it will be selected by default)
2025-12-09T14:09:03.161+01:00  INFO 23892 --- [CQRSRead] [main] org.hibernate.orm.connections.pooling    : HHH10001005: Database info:
	Database JDBC URL [jdbc:mysql://localhost:3306/cqrs_read]
	Database driver: MySQL Connector/J
	Database dialect: MySQLDialect
	Database version: 9.4
	Default catalog/schema: cqrs_read/undefined
	Autocommit mode: undefined/unknown
	Isolation level: REPEATABLE_READ [default REPEATABLE_READ]
	JDBC fetch size: none
	Pool: DatasourceConnectionProviderImpl
	Minimum pool size: undefined/unknown
	Maximum pool size: undefined/unknown
2025-12-09T14:09:05.517+01:00  INFO 23892 --- [CQRSRead] [main] o.h.e.t.j.p.i.JtaPlatformInitiator       : HHH000489: No JTA platform available (set 'hibernate.transaction.jta.platform' to enable JTA platform integration)
2025-12-09T14:09:05.644+01:00  INFO 23892 --- [CQRSRead] [main] j.LocalContainerEntityManagerFactoryBean : Initialized JPA EntityManagerFactory for persistence unit 'default'
2025-12-09T14:09:05.906+01:00  INFO 23892 --- [CQRSRead] [main] o.s.d.j.r.query.QueryEnhancerFactories   : Hibernate is in classpath; If applicable, HQL parser will be used.
2025-12-09T14:09:06.334+01:00  WARN 23892 --- [CQRSRead] [main] JpaBaseConfiguration$JpaWebConfiguration : spring.jpa.open-in-view is enabled by default. Therefore, database queries may be performed during view rendering. Explicitly configure spring.jpa.open-in-view to disable this warning
2025-12-09T14:09:08.380+01:00  INFO 23892 --- [CQRSRead] [main] o.s.a.r.c.CachingConnectionFactory       : Attempting to connect to: [localhost:5672]
2025-12-09T14:09:08.660+01:00  INFO 23892 --- [CQRSRead] [main] o.s.a.r.c.CachingConnectionFactory       : Created new connection: rabbitConnectionFactory#224f90eb:0/SimpleConnection@436867c3 [delegate=amqp://guest@127.0.0.1:5672/, localPort=51036]
2025-12-09T14:09:08.888+01:00  INFO 23892 --- [CQRSRead] [main] o.e.cqrsread.CqrsReadApplicationTests    : Started CqrsReadApplicationTests in 26.027 seconds (process running for 34.618)
2025-12-09T14:09:09.806+01:00  INFO 23892 --- [CQRSRead] [org.springframework.amqp.rabbit.RabbitListenerEndpointContainer#0-2] o.s.a.r.l.SimpleMessageListenerContainer : Waiting for workers to finish.
2025-12-09T14:09:09.888+01:00  INFO 23892 --- [CQRSRead] [org.springframework.amqp.rabbit.RabbitListenerEndpointContainer#0-2] o.s.a.r.l.SimpleMessageListenerContainer : Successfully waited for workers to finish.
2025-12-09T14:09:10.007+01:00  INFO 23892 --- [CQRSRead] [SpringApplicationShutdownHook] j.LocalContainerEntityManagerFactoryBean : Closing JPA EntityManagerFactory for persistence unit 'default'
2025-12-09T14:09:10.013+01:00  INFO 23892 --- [CQRSRead] [SpringApplicationShutdownHook] com.zaxxer.hikari.HikariDataSource       : HikariPool-1 - Shutdown initiated...
2025-12-09T14:09:10.034+01:00  INFO 23892 --- [CQRSRead] [SpringApplicationShutdownHook] com.zaxxer.hikari.HikariDataSource       : HikariPool-1 - Shutdown completed.
